#
# There is insufficient memory for the Java Runtime Environment to continue.
# Native memory allocation (malloc) failed to allocate 677136 bytes for Chunk::new
# Possible reasons:
#   The system is out of physical RAM or swap space
#   The process is running with CompressedOops enabled, and the Java Heap may be blocking the growth of the native heap
# Possible solutions:
#   Reduce memory load on the system
#   Increase physical memory or swap space
#   Check if swap backing store is full
#   Decrease Java heap size (-Xmx/-Xms)
#   Decrease number of Java threads
#   Decrease Java thread stack sizes (-Xss)
#   Set larger code cache with -XX:ReservedCodeCacheSize=
#   JVM is running with Unscaled Compressed Oops mode in which the Java heap is
#     placed in the first 4GB address space. The Java Heap base address is the
#     maximum limit for the native heap growth. Please use -XX:HeapBaseMinAddress
#     to set the Java Heap base and to place the Java Heap above 4GB virtual address.
# This output file may be truncated or incomplete.
#
#  Out of Memory Error (allocation.cpp:389), pid=17480, tid=0x00000000000013c0
#
# JRE version: Java(TM) SE Runtime Environment (8.0_261-b12) (build 1.8.0_261-b12)
# Java VM: Java HotSpot(TM) 64-Bit Server VM (25.261-b12 mixed mode windows-amd64 compressed oops)
# Failed to write core dump. Minidumps are not enabled by default on client versions of Windows
#

---------------  T H R E A D  ---------------

Current thread (0x0000019c483f6800):  JavaThread "C2 CompilerThread1" daemon [_thread_in_native, id=5056, stack(0x0000007277800000,0x0000007277900000)]

Stack: [0x0000007277800000,0x0000007277900000]
Native frames: (J=compiled Java code, j=interpreted, Vv=VM code, C=native code)
V  [jvm.dll+0x33e5f9]
V  [jvm.dll+0x2850e2]
V  [jvm.dll+0x285d8d]
V  [jvm.dll+0x27c895]
V  [jvm.dll+0xe4d6c]
V  [jvm.dll+0xe556c]
V  [jvm.dll+0x461812]
V  [jvm.dll+0x49cc3d]
V  [jvm.dll+0x4511ef]
V  [jvm.dll+0x44eb84]
V  [jvm.dll+0x439bc7]
V  [jvm.dll+0xbbbcb]
V  [jvm.dll+0xba22b]
V  [jvm.dll+0x24d962]
V  [jvm.dll+0x2a1cfc]
C  [ucrtbase.dll+0x26c0c]
C  [KERNEL32.DLL+0x154e0]
C  [ntdll.dll+0x485b]


Current CompileTask:
C2:  17859 10857       4       scala.reflect.internal.Symbols$TypeSymbol::tpe_$times (9 bytes)


---------------  P R O C E S S  ---------------

Java Threads: ( => current thread )
  0x0000019c4f9a4800 JavaThread "sbt-progress-report-scheduler" [_thread_blocked, id=8632, stack(0x0000007278e00000,0x0000007278f00000)]
  0x0000019c4f9a1000 JavaThread "sbt-task-progress-report-thread" [_thread_blocked, id=10232, stack(0x0000007278d00000,0x0000007278e00000)]
  0x0000019c4f9a1800 JavaThread "scala-execution-context-global-31" daemon [_thread_blocked, id=16068, stack(0x0000007278c00000,0x0000007278d00000)]
  0x0000019c4f9a7000 JavaThread "scala-execution-context-global-30" daemon [_thread_blocked, id=14652, stack(0x0000007278b00000,0x0000007278c00000)]
  0x0000019c4f9a6000 JavaThread "scala-execution-context-global-29" daemon [_thread_blocked, id=2304, stack(0x0000007278a00000,0x0000007278b00000)]
  0x0000019c4f9a4000 JavaThread "scala-execution-context-global-27" daemon [_thread_blocked, id=19064, stack(0x0000007278800000,0x0000007278900000)]
  0x0000019c4f9a2800 JavaThread "scala-execution-context-global-26" daemon [_thread_blocked, id=22832, stack(0x0000007278700000,0x0000007278800000)]
  0x0000019c4ffce000 JavaThread "scala-execution-context-global-25" daemon [_thread_blocked, id=2060, stack(0x0000007278600000,0x0000007278700000)]
  0x0000019c4ffcd000 JavaThread "scala-execution-context-global-24" daemon [_thread_blocked, id=24636, stack(0x0000007278500000,0x0000007278600000)]
  0x0000019c4ffc8000 JavaThread "sbt-command-exchange-fastTrack" daemon [_thread_blocked, id=20668, stack(0x0000007278400000,0x0000007278500000)]
  0x0000019c4ffcb800 JavaThread "classloader-cache-cleanup-0" daemon [_thread_blocked, id=20316, stack(0x0000007278300000,0x0000007278400000)]
  0x0000019c4ffc9800 JavaThread "sbt-console-input-reader" [_thread_blocked, id=15284, stack(0x0000007277e00000,0x0000007277f00000)]
  0x0000019c4ae48000 JavaThread "pool-1-thread-5" [_thread_blocked, id=29008, stack(0x0000007278200000,0x0000007278300000)]
  0x0000019c4b4cf800 JavaThread "pool-1-thread-4" [_thread_blocked, id=27516, stack(0x0000007278100000,0x0000007278200000)]
  0x0000019c4b4ce800 JavaThread "pool-1-thread-3" [_thread_blocked, id=29104, stack(0x0000007278000000,0x0000007278100000)]
  0x0000019c4b4cd800 JavaThread "pool-1-thread-2" [_thread_blocked, id=7564, stack(0x0000007277f00000,0x0000007278000000)]
  0x0000019c4aced000 JavaThread "pool-1-thread-1" [_thread_blocked, id=13628, stack(0x0000007277d00000,0x0000007277e00000)]
  0x0000019c48400000 JavaThread "Service Thread" daemon [_thread_blocked, id=10064, stack(0x0000007277b00000,0x0000007277c00000)]
  0x0000019c483fc800 JavaThread "C1 CompilerThread3" daemon [_thread_blocked, id=4832, stack(0x0000007277a00000,0x0000007277b00000)]
  0x0000019c483f7800 JavaThread "C2 CompilerThread2" daemon [_thread_blocked, id=10380, stack(0x0000007277900000,0x0000007277a00000)]
=>0x0000019c483f6800 JavaThread "C2 CompilerThread1" daemon [_thread_in_native, id=5056, stack(0x0000007277800000,0x0000007277900000)]
  0x0000019c483f3000 JavaThread "C2 CompilerThread0" daemon [_thread_in_native, id=27940, stack(0x0000007277700000,0x0000007277800000)]
  0x0000019c483f2000 JavaThread "Attach Listener" daemon [_thread_blocked, id=14800, stack(0x0000007277600000,0x0000007277700000)]
  0x0000019c483f1000 JavaThread "Signal Dispatcher" daemon [_thread_blocked, id=15556, stack(0x0000007277500000,0x0000007277600000)]
  0x0000019c483c6800 JavaThread "Finalizer" daemon [_thread_blocked, id=18804, stack(0x0000007277400000,0x0000007277500000)]
  0x0000019c483c4000 JavaThread "Reference Handler" daemon [_thread_blocked, id=25608, stack(0x0000007277300000,0x0000007277400000)]
  0x0000019c33365800 JavaThread "main" [_thread_in_native, id=8812, stack(0x0000007276900000,0x0000007276a00000)]

Other Threads:
  0x0000019c4839c000 VMThread [stack: 0x0000007277200000,0x0000007277300000] [id=22324]
  0x0000019c4a280800 WatcherThread [stack: 0x0000007277c00000,0x0000007277d00000] [id=10624]

VM state:not at safepoint (normal execution)

VM Mutex/Monitor currently owned by a thread: None

heap address: 0x00000000a0000000, size: 1536 MB, Compressed Oops mode: 32-bit
Narrow klass base: 0x0000000000000000, Narrow klass shift: 3
Compressed class space size: 1073741824 Address: 0x0000000100000000

Heap:
 PSYoungGen      total 161792K, used 32015K [0x00000000e0000000, 0x00000000ece00000, 0x0000000100000000)
  eden space 128000K, 25% used [0x00000000e0000000,0x00000000e1f43ee0,0x00000000e7d00000)
  from space 33792K, 0% used [0x00000000e9d80000,0x00000000e9d80000,0x00000000ebe80000)
  to   space 33280K, 0% used [0x00000000e7d00000,0x00000000e7d00000,0x00000000e9d80000)
 ParOldGen       total 152064K, used 67170K [0x00000000a0000000, 0x00000000a9480000, 0x00000000e0000000)
  object space 152064K, 44% used [0x00000000a0000000,0x00000000a4198898,0x00000000a9480000)
 Metaspace       used 89637K, capacity 102993K, committed 103168K, reserved 1138688K
  class space    used 12268K, capacity 13039K, committed 13056K, reserved 1048576K

Card table byte_map: [0x0000019c44160000,0x0000019c44470000] byte_map_base: 0x0000019c43c60000

Marking Bits: (ParMarkBitMap*) 0x0000000076bd4fb0
 Begin Bits: [0x0000019c44670000, 0x0000019c45e70000)
 End Bits:   [0x0000019c45e70000, 0x0000019c47670000)

Polling page: 0x0000019c33550000

CodeCache: size=245760Kb used=32491Kb max_used=32493Kb free=213268Kb
 bounds [0x0000019c34da0000, 0x0000019c36d80000, 0x0000019c43da0000]
 total_blobs=10037 nmethods=9283 adapters=662
 compilation: enabled

Compilation events (10 events):
Event: 17.737 Thread 0x0000019c483fc800 10865       1       scala.tools.nsc.backend.jvm.PostProcessor$$anon$8::postProcessor (5 bytes)
Event: 17.737 Thread 0x0000019c483fc800 nmethod 10865 0x0000019c36d660d0 code [0x0000019c36d66220, 0x0000019c36d66338]
Event: 17.737 Thread 0x0000019c483fc800 10866       1       scala.tools.nsc.backend.jvm.BTypes$ClassInfo::nestedInfo (5 bytes)
Event: 17.737 Thread 0x0000019c483fc800 nmethod 10866 0x0000019c36d66390 code [0x0000019c36d664e0, 0x0000019c36d665f8]
Event: 17.737 Thread 0x0000019c483fc800 10868       3       scala.tools.nsc.backend.jvm.analysis.BackendUtils$NestedClassesCollector::visitDescriptor (160 bytes)
Event: 17.738 Thread 0x0000019c483fc800 nmethod 10868 0x0000019c36d66650 code [0x0000019c36d668a0, 0x0000019c36d67840]
Event: 17.738 Thread 0x0000019c483fc800 10867       1       scala.tools.nsc.backend.jvm.BTypes$Lazy$Eager::force (5 bytes)
Event: 17.738 Thread 0x0000019c483fc800 nmethod 10867 0x0000019c36d67e90 code [0x0000019c36d67fe0, 0x0000019c36d680f8]
Event: 17.738 Thread 0x0000019c483fc800 10869       3       scala.tools.nsc.backend.jvm.BTypesFromClassfile::classBTypeFromParsedClassfile (23 bytes)
Event: 17.739 Thread 0x0000019c483fc800 nmethod 10869 0x0000019c36d68150 code [0x0000019c36d68360, 0x0000019c36d68f00]

GC Heap History (10 events):
Event: 13.016 GC heap before
{Heap before GC invocations=14 (full 3):
 PSYoungGen      total 110592K, used 103623K [0x00000000e0000000, 0x00000000e7f00000, 0x0000000100000000)
  eden space 92160K, 100% used [0x00000000e0000000,0x00000000e5a00000,0x00000000e5a00000)
  from space 18432K, 62% used [0x00000000e6d00000,0x00000000e7831ff0,0x00000000e7f00000)
  to   space 18944K, 0% used [0x00000000e5a00000,0x00000000e5a00000,0x00000000e6c80000)
 ParOldGen       total 152064K, used 51340K [0x00000000a0000000, 0x00000000a9480000, 0x00000000e0000000)
  object space 152064K, 33% used [0x00000000a0000000,0x00000000a3223210,0x00000000a9480000)
 Metaspace       used 78300K, capacity 89897K, committed 90112K, reserved 1128448K
  class space    used 11064K, capacity 11754K, committed 11776K, reserved 1048576K
Event: 13.031 GC heap after
Heap after GC invocations=14 (full 3):
 PSYoungGen      total 111104K, used 18919K [0x00000000e0000000, 0x00000000e9300000, 0x0000000100000000)
  eden space 92160K, 0% used [0x00000000e0000000,0x00000000e0000000,0x00000000e5a00000)
  from space 18944K, 99% used [0x00000000e5a00000,0x00000000e6c79de0,0x00000000e6c80000)
  to   space 22016K, 0% used [0x00000000e7d80000,0x00000000e7d80000,0x00000000e9300000)
 ParOldGen       total 152064K, used 52713K [0x00000000a0000000, 0x00000000a9480000, 0x00000000e0000000)
  object space 152064K, 34% used [0x00000000a0000000,0x00000000a337a400,0x00000000a9480000)
 Metaspace       used 78300K, capacity 89897K, committed 90112K, reserved 1128448K
  class space    used 11064K, capacity 11754K, committed 11776K, reserved 1048576K
}
Event: 13.460 GC heap before
{Heap before GC invocations=15 (full 3):
 PSYoungGen      total 111104K, used 111074K [0x00000000e0000000, 0x00000000e9300000, 0x0000000100000000)
  eden space 92160K, 99% used [0x00000000e0000000,0x00000000e59fedf8,0x00000000e5a00000)
  from space 18944K, 99% used [0x00000000e5a00000,0x00000000e6c79de0,0x00000000e6c80000)
  to   space 22016K, 0% used [0x00000000e7d80000,0x00000000e7d80000,0x00000000e9300000)
 ParOldGen       total 152064K, used 52713K [0x00000000a0000000, 0x00000000a9480000, 0x00000000e0000000)
  object space 152064K, 34% used [0x00000000a0000000,0x00000000a337a400,0x00000000a9480000)
 Metaspace       used 78669K, capacity 90301K, committed 90368K, reserved 1128448K
  class space    used 11085K, capacity 11774K, committed 11776K, reserved 1048576K
Event: 13.476 GC heap after
Heap after GC invocations=15 (full 3):
 PSYoungGen      total 128512K, used 14118K [0x00000000e0000000, 0x00000000e9780000, 0x0000000100000000)
  eden space 106496K, 0% used [0x00000000e0000000,0x00000000e0000000,0x00000000e6800000)
  from space 22016K, 64% used [0x00000000e7d80000,0x00000000e8b499e8,0x00000000e9300000)
  to   space 22016K, 0% used [0x00000000e6800000,0x00000000e6800000,0x00000000e7d80000)
 ParOldGen       total 152064K, used 52721K [0x00000000a0000000, 0x00000000a9480000, 0x00000000e0000000)
  object space 152064K, 34% used [0x00000000a0000000,0x00000000a337c400,0x00000000a9480000)
 Metaspace       used 78669K, capacity 90301K, committed 90368K, reserved 1128448K
  class space    used 11085K, capacity 11774K, committed 11776K, reserved 1048576K
}
Event: 15.577 GC heap before
{Heap before GC invocations=16 (full 3):
 PSYoungGen      total 128512K, used 120614K [0x00000000e0000000, 0x00000000e9780000, 0x0000000100000000)
  eden space 106496K, 100% used [0x00000000e0000000,0x00000000e6800000,0x00000000e6800000)
  from space 22016K, 64% used [0x00000000e7d80000,0x00000000e8b499e8,0x00000000e9300000)
  to   space 22016K, 0% used [0x00000000e6800000,0x00000000e6800000,0x00000000e7d80000)
 ParOldGen       total 152064K, used 52721K [0x00000000a0000000, 0x00000000a9480000, 0x00000000e0000000)
  object space 152064K, 34% used [0x00000000a0000000,0x00000000a337c400,0x00000000a9480000)
 Metaspace       used 84806K, capacity 97341K, committed 97536K, reserved 1134592K
  class space    used 11740K, capacity 12490K, committed 12544K, reserved 1048576K
Event: 15.607 GC heap after
Heap after GC invocations=16 (full 3):
 PSYoungGen      total 128512K, used 22000K [0x00000000e0000000, 0x00000000ebe80000, 0x0000000100000000)
  eden space 106496K, 0% used [0x00000000e0000000,0x00000000e0000000,0x00000000e6800000)
  from space 22016K, 99% used [0x00000000e6800000,0x00000000e7d7c3a0,0x00000000e7d80000)
  to   space 33792K, 0% used [0x00000000e9d80000,0x00000000e9d80000,0x00000000ebe80000)
 ParOldGen       total 152064K, used 76492K [0x00000000a0000000, 0x00000000a9480000, 0x00000000e0000000)
  object space 152064K, 50% used [0x00000000a0000000,0x00000000a4ab3248,0x00000000a9480000)
 Metaspace       used 84806K, capacity 97341K, committed 97536K, reserved 1134592K
  class space    used 11740K, capacity 12490K, committed 12544K, reserved 1048576K
}
Event: 15.734 GC heap before
{Heap before GC invocations=17 (full 3):
 PSYoungGen      total 128512K, used 25481K [0x00000000e0000000, 0x00000000ebe80000, 0x0000000100000000)
  eden space 106496K, 3% used [0x00000000e0000000,0x00000000e0366298,0x00000000e6800000)
  from space 22016K, 99% used [0x00000000e6800000,0x00000000e7d7c3a0,0x00000000e7d80000)
  to   space 33792K, 0% used [0x00000000e9d80000,0x00000000e9d80000,0x00000000ebe80000)
 ParOldGen       total 152064K, used 76492K [0x00000000a0000000, 0x00000000a9480000, 0x00000000e0000000)
  object space 152064K, 50% used [0x00000000a0000000,0x00000000a4ab3248,0x00000000a9480000)
 Metaspace       used 85510K, capacity 98221K, committed 98348K, reserved 1134592K
  class space    used 11821K, capacity 12592K, committed 12672K, reserved 1048576K
Event: 15.758 GC heap after
Heap after GC invocations=17 (full 3):
 PSYoungGen      total 161792K, used 19446K [0x00000000e0000000, 0x00000000ece00000, 0x0000000100000000)
  eden space 128000K, 0% used [0x00000000e0000000,0x00000000e0000000,0x00000000e7d00000)
  from space 33792K, 57% used [0x00000000e9d80000,0x00000000eb07da98,0x00000000ebe80000)
  to   space 33280K, 0% used [0x00000000e7d00000,0x00000000e7d00000,0x00000000e9d80000)
 ParOldGen       total 152064K, used 79765K [0x00000000a0000000, 0x00000000a9480000, 0x00000000e0000000)
  object space 152064K, 52% used [0x00000000a0000000,0x00000000a4de5720,0x00000000a9480000)
 Metaspace       used 85510K, capacity 98221K, committed 98348K, reserved 1134592K
  class space    used 11821K, capacity 12592K, committed 12672K, reserved 1048576K
}
Event: 15.758 GC heap before
{Heap before GC invocations=18 (full 4):
 PSYoungGen      total 161792K, used 19446K [0x00000000e0000000, 0x00000000ece00000, 0x0000000100000000)
  eden space 128000K, 0% used [0x00000000e0000000,0x00000000e0000000,0x00000000e7d00000)
  from space 33792K, 57% used [0x00000000e9d80000,0x00000000eb07da98,0x00000000ebe80000)
  to   space 33280K, 0% used [0x00000000e7d00000,0x00000000e7d00000,0x00000000e9d80000)
 ParOldGen       total 152064K, used 79765K [0x00000000a0000000, 0x00000000a9480000, 0x00000000e0000000)
  object space 152064K, 52% used [0x00000000a0000000,0x00000000a4de5720,0x00000000a9480000)
 Metaspace       used 85510K, capacity 98221K, committed 98348K, reserved 1134592K
  class space    used 11821K, capacity 12592K, committed 12672K, reserved 1048576K
Event: 15.970 GC heap after
Heap after GC invocations=18 (full 4):
 PSYoungGen      total 161792K, used 0K [0x00000000e0000000, 0x00000000ece00000, 0x0000000100000000)
  eden space 128000K, 0% used [0x00000000e0000000,0x00000000e0000000,0x00000000e7d00000)
  from space 33792K, 0% used [0x00000000e9d80000,0x00000000e9d80000,0x00000000ebe80000)
  to   space 33280K, 0% used [0x00000000e7d00000,0x00000000e7d00000,0x00000000e9d80000)
 ParOldGen       total 152064K, used 67170K [0x00000000a0000000, 0x00000000a9480000, 0x00000000e0000000)
  object space 152064K, 44% used [0x00000000a0000000,0x00000000a4198898,0x00000000a9480000)
 Metaspace       used 85138K, capacity 97455K, committed 98348K, reserved 1134592K
  class space    used 11700K, capacity 12454K, committed 12672K, reserved 1048576K
}

Deoptimization events (10 events):
Event: 17.630 Thread 0x0000019c33365800 Uncommon trap: reason=unstable_if action=reinterpret pc=0x0000019c36636864 method=scala.reflect.internal.Symbols$Symbol.needsFlatClasses()Z @ 10
Event: 17.632 Thread 0x0000019c33365800 Uncommon trap: reason=unstable_if action=reinterpret pc=0x0000019c35b11fe0 method=scala.reflect.internal.ClassfileConstants$FlagTranslation.translateFlag(IZZ)J @ 103
Event: 17.643 Thread 0x0000019c33365800 Uncommon trap: reason=speculate_class_check action=maybe_recompile pc=0x0000019c36c91b4c method=scala.reflect.internal.Scopes$Scope.enter(Lscala/reflect/internal/Symbols$Symbol;)Lscala/reflect/internal/Symbols$Symbol; @ 10
Event: 17.700 Thread 0x0000019c33365800 Uncommon trap: reason=unstable_if action=reinterpret pc=0x0000019c3664a234 method=scala.collection.mutable.BitSet.word(I)J @ 5
Event: 17.707 Thread 0x0000019c33365800 Uncommon trap: reason=bimorphic action=maybe_recompile pc=0x0000019c35b4b590 method=scala.collection.generic.GenTraversableFactory$$anon$1.apply()Lscala/collection/mutable/Builder; @ 4
Event: 17.710 Thread 0x0000019c33365800 Uncommon trap: reason=unstable_if action=reinterpret pc=0x0000019c35afd454 method=jdk.internal.org.objectweb.asm.Type.getArgumentsAndReturnSizes(Ljava/lang/String;)I @ 100
Event: 17.710 Thread 0x0000019c33365800 Uncommon trap: reason=unstable_if action=reinterpret pc=0x0000019c358624c0 method=jdk.internal.org.objectweb.asm.Type.getArgumentsAndReturnSizes(Ljava/lang/String;)I @ 100
Event: 17.710 Thread 0x0000019c33365800 Uncommon trap: reason=unstable_if action=reinterpret pc=0x0000019c354fafdc method=jdk.internal.org.objectweb.asm.Type.getArgumentsAndReturnSizes(Ljava/lang/String;)I @ 100
Event: 17.710 Thread 0x0000019c33365800 Uncommon trap: reason=unstable_if action=reinterpret pc=0x0000019c358df404 method=jdk.internal.org.objectweb.asm.Type.getArgumentsAndReturnSizes(Ljava/lang/String;)I @ 100
Event: 17.736 Thread 0x0000019c33365800 Uncommon trap: reason=unstable_if action=reinterpret pc=0x0000019c34f82d58 method=scala.reflect.internal.Symbols$Symbol.rawInfoIsNoType()Z @ 21

Classes redefined (0 events):
No events

Internal exceptions (10 events):
Event: 17.472 Thread 0x0000019c33365800 Exception <a 'java/lang/NoSuchMethodError': java.lang.Object.$anonfun$ScalaValueClassesNoUnit$1$adapted(Lscala/reflect/internal/Definitions$ValueClassDefinitions;Lscala/reflect/internal/Symbols$ClassSymbol;)Ljava/lang/Object;> (0x00000000e183f3d8) thrown 
Event: 17.641 Thread 0x0000019c33365800 Exception <a 'java/lang/NoSuchMethodError': java.lang.Object.$anonfun$emitAssocs$1$adapted(Lscala/Tuple2;)Ljava/lang/Object;> (0x00000000e1aa1088) thrown at [C:\jenkins\workspace\8-2-build-windows-amd64-cygwin\jdk8u261\295\hotspot\src\share\vm\interpreter
Event: 17.642 Thread 0x0000019c33365800 Exception <a 'java/lang/NoSuchMethodError': java.lang.Object.$anonfun$emitAssocs$2$adapted(Lscala/tools/nsc/backend/jvm/BCodeHelpers$BCAnnotGen;Lscala/tools/asm/AnnotationVisitor;Lscala/Tuple2;)Ljava/lang/Object;> (0x00000000e1aa55f8) thrown at [C:\jenkin
Event: 17.644 Thread 0x0000019c33365800 Exception <a 'java/lang/NoSuchMethodError': java.lang.Object.$anonfun$addForwarders$3$adapted(Lscala/tools/nsc/backend/jvm/BCodeHelpers$BCForwardersGen;ZLscala/tools/asm/ClassVisitor;Lscala/reflect/internal/Symbols$Symbol;Lscala/runtime/LazyRef;Lscala/ref
Event: 17.645 Thread 0x0000019c33365800 Exception <a 'java/lang/NoSuchMethodError': java.lang.Object.$anonfun$addForwarder$2(Lscala/tools/nsc/backend/jvm/BCodeHelpers$BCForwardersGen;Lscala/reflect/internal/Types$Type;)Lscala/tools/nsc/backend/jvm/BTypes$BType;> (0x00000000e1acf8f8) thrown at [
Event: 17.646 Thread 0x0000019c33365800 Exception <a 'java/lang/NoSuchMethodError': java.lang.Object.$anonfun$addForwarder$3$adapted(Lscala/tools/nsc/backend/jvm/BCodeHelpers$BCForwardersGen;Lscala/reflect/internal/AnnotationInfos$AnnotationInfo;)Ljava/lang/Object;> (0x00000000e1ad5de0) thrown 
Event: 17.647 Thread 0x0000019c33365800 Exception <a 'java/lang/NoSuchMethodError': java.lang.Object.$anonfun$addForwarder$4(Lscala/reflect/internal/Symbols$Symbol;)Lscala/collection/immutable/List;> (0x00000000e1adb9d8) thrown at [C:\jenkins\workspace\8-2-build-windows-amd64-cygwin\jdk8u261\29
Event: 17.669 Thread 0x0000019c33365800 Exception <a 'java/lang/NoSuchMethodError': java.lang.Object.$anonfun$map$1(Lscala/Function1;Lscala/util/Try;)Lscala/util/Try;> (0x00000000e1b583a8) thrown at [C:\jenkins\workspace\8-2-build-windows-amd64-cygwin\jdk8u261\295\hotspot\src\share\vm\interpret
Event: 17.669 Thread 0x0000019c33365800 Exception <a 'java/lang/NoSuchMethodError': java.lang.Object.$anonfun$transform$1(Lscala/concurrent/impl/Promise$DefaultPromise;Lscala/Function1;Lscala/util/Try;)Lscala/concurrent/impl/Promise$DefaultPromise;> (0x00000000e1b5dac8) thrown at [C:\jenkins\wo
Event: 17.706 Thread 0x0000019c33365800 Exception <a 'java/lang/NoSuchMethodError': java.lang.Object.$anonfun$grouped$1(Lscala/collection/IterableLike;Lscala/collection/Seq;)Ljava/lang/Object;> (0x00000000e1c06188) thrown at [C:\jenkins\workspace\8-2-build-windows-amd64-cygwin\jdk8u261\295\hots

Events (10 events):
Event: 17.773 loading class scala/tools/nsc/backend/jvm/analysis/BackendUtils
Event: 17.774 loading class scala/tools/nsc/backend/jvm/analysis/BackendUtils done
Event: 17.774 loading class scala/tools/nsc/backend/jvm/analysis/BackendUtils
Event: 17.774 loading class scala/tools/nsc/backend/jvm/analysis/BackendUtils done
Event: 17.774 loading class scala/tools/nsc/backend/jvm/analysis/BackendUtils
Event: 17.774 loading class scala/tools/nsc/backend/jvm/analysis/BackendUtils done
Event: 17.774 loading class scala/tools/nsc/backend/jvm/analysis/BackendUtils
Event: 17.774 loading class scala/tools/nsc/backend/jvm/analysis/BackendUtils done
Event: 17.774 loading class scala/tools/nsc/backend/jvm/analysis/BackendUtils
Event: 17.774 loading class scala/tools/nsc/backend/jvm/analysis/BackendUtils done


Dynamic libraries:
0x00007ff74df00000 - 0x00007ff74df47000 	C:\Java\jdk1.8.0_261\bin\java.exe
0x00007ffe97020000 - 0x00007ffe97227000 	C:\WINDOWS\SYSTEM32\ntdll.dll
0x00007ffe966f0000 - 0x00007ffe967ad000 	C:\WINDOWS\System32\KERNEL32.DLL
0x00007ffe94900000 - 0x00007ffe94c74000 	C:\WINDOWS\System32\KERNELBASE.dll
0x00007ffe96f30000 - 0x00007ffe96fdc000 	C:\WINDOWS\System32\ADVAPI32.dll
0x00007ffe96560000 - 0x00007ffe96603000 	C:\WINDOWS\System32\msvcrt.dll
0x00007ffe94f50000 - 0x00007ffe94fed000 	C:\WINDOWS\System32\sechost.dll
0x00007ffe96050000 - 0x00007ffe96171000 	C:\WINDOWS\System32\RPCRT4.dll
0x00007ffe968f0000 - 0x00007ffe96a9c000 	C:\WINDOWS\System32\USER32.dll
0x00007ffe948d0000 - 0x00007ffe948f6000 	C:\WINDOWS\System32\win32u.dll
0x00007ffe96610000 - 0x00007ffe96639000 	C:\WINDOWS\System32\GDI32.dll
0x00007ffe94c80000 - 0x00007ffe94d92000 	C:\WINDOWS\System32\gdi32full.dll
0x00007ffe94da0000 - 0x00007ffe94e3d000 	C:\WINDOWS\System32\msvcp_win.dll
0x00007ffe947b0000 - 0x00007ffe948c1000 	C:\WINDOWS\System32\ucrtbase.dll
0x00007ffe75d20000 - 0x00007ffe75fc5000 	C:\WINDOWS\WinSxS\amd64_microsoft.windows.common-controls_6595b64144ccf1df_6.0.22000.120_none_9d947278b86cc467\COMCTL32.dll
0x00007ffe961a0000 - 0x00007ffe961d1000 	C:\WINDOWS\System32\IMM32.DLL
0x00007ffe6a9a0000 - 0x00007ffe6a9b5000 	C:\Java\jdk1.8.0_261\jre\bin\vcruntime140.dll
0x00007ffe3a7f0000 - 0x00007ffe3a88b000 	C:\Java\jdk1.8.0_261\jre\bin\msvcp140.dll
0x00000000763e0000 - 0x0000000076c4c000 	C:\Java\jdk1.8.0_261\jre\bin\server\jvm.dll
0x00007ffe94f40000 - 0x00007ffe94f48000 	C:\WINDOWS\System32\PSAPI.DLL
0x00007ffe895d0000 - 0x00007ffe89603000 	C:\WINDOWS\SYSTEM32\WINMM.dll
0x00007ffe7f590000 - 0x00007ffe7f599000 	C:\WINDOWS\SYSTEM32\WSOCK32.dll
0x00007ffe96ca0000 - 0x00007ffe96d0f000 	C:\WINDOWS\System32\WS2_32.dll
0x00007ffe87410000 - 0x00007ffe8741a000 	C:\WINDOWS\SYSTEM32\VERSION.dll
0x00007ffe936e0000 - 0x00007ffe936f8000 	C:\WINDOWS\SYSTEM32\kernel.appcore.dll
0x00007ffe7d9b0000 - 0x00007ffe7d9c0000 	C:\Java\jdk1.8.0_261\jre\bin\verify.dll
0x00007ffe51210000 - 0x00007ffe5123b000 	C:\Java\jdk1.8.0_261\jre\bin\java.dll
0x00007ffe402b0000 - 0x00007ffe402c8000 	C:\Java\jdk1.8.0_261\jre\bin\zip.dll
0x00007ffe958a0000 - 0x00007ffe9604a000 	C:\WINDOWS\System32\SHELL32.dll
0x00007ffe92670000 - 0x00007ffe92ed2000 	C:\WINDOWS\SYSTEM32\windows.storage.dll
0x00007ffe961e0000 - 0x00007ffe96558000 	C:\WINDOWS\System32\combase.dll
0x00007ffe92500000 - 0x00007ffe92666000 	C:\WINDOWS\SYSTEM32\wintypes.dll
0x00007ffe96b30000 - 0x00007ffe96c1a000 	C:\WINDOWS\System32\SHCORE.dll
0x00007ffe96e00000 - 0x00007ffe96e5d000 	C:\WINDOWS\System32\shlwapi.dll
0x00007ffe94430000 - 0x00007ffe94451000 	C:\WINDOWS\SYSTEM32\profapi.dll
0x00007ffe3e550000 - 0x00007ffe3e56c000 	C:\Java\jdk1.8.0_261\jre\bin\net.dll
0x00007ffe93b20000 - 0x00007ffe93b87000 	C:\WINDOWS\system32\mswsock.dll
0x00007ffe3cd50000 - 0x00007ffe3cd63000 	C:\Java\jdk1.8.0_261\jre\bin\nio.dll
0x00007ffe93d60000 - 0x00007ffe93d78000 	C:\WINDOWS\SYSTEM32\CRYPTSP.dll
0x00007ffe93630000 - 0x00007ffe93665000 	C:\WINDOWS\system32\rsaenh.dll
0x00007ffe93c10000 - 0x00007ffe93c39000 	C:\WINDOWS\SYSTEM32\USERENV.dll
0x00007ffe93ee0000 - 0x00007ffe93f07000 	C:\WINDOWS\SYSTEM32\bcrypt.dll
0x00007ffe94670000 - 0x00007ffe946f0000 	C:\WINDOWS\System32\bcryptprimitives.dll
0x00007ffe93d80000 - 0x00007ffe93d8c000 	C:\WINDOWS\SYSTEM32\CRYPTBASE.dll
0x00007ffe93210000 - 0x00007ffe9323d000 	C:\WINDOWS\SYSTEM32\IPHLPAPI.DLL
0x00007ffe96b00000 - 0x00007ffe96b09000 	C:\WINDOWS\System32\NSI.dll
0x00007ffe8b020000 - 0x00007ffe8b039000 	C:\WINDOWS\SYSTEM32\dhcpcsvc6.DLL
0x00007ffe8b0f0000 - 0x00007ffe8b10e000 	C:\WINDOWS\SYSTEM32\dhcpcsvc.DLL
0x00007ffe93240000 - 0x00007ffe93327000 	C:\WINDOWS\SYSTEM32\DNSAPI.dll
0x00007ffe73770000 - 0x00007ffe737b1000 	C:\Users\aryan\AppData\Local\Temp\jna-93097109\jna5679733636122605328.dll
0x0000000069ac0000 - 0x0000000069b1b000 	C:\Users\aryan\AppData\Local\Temp\jansi-2.1.0-4670f59021785302-jansi.dll
0x00007ffe7ae40000 - 0x00007ffe7ae4d000 	C:\Java\jdk1.8.0_261\jre\bin\management.dll
0x00007ffe3a770000 - 0x00007ffe3a794000 	C:\Java\jdk1.8.0_261\jre\bin\sunec.dll
0x00007ffe79f60000 - 0x00007ffe79f6d000 	C:\Java\jdk1.8.0_261\jre\bin\sunmscapi.dll
0x00007ffe94500000 - 0x00007ffe94662000 	C:\WINDOWS\System32\CRYPT32.dll
0x00007ffe93eb0000 - 0x00007ffe93ed8000 	C:\WINDOWS\SYSTEM32\ncrypt.dll
0x00007ffe93e70000 - 0x00007ffe93ea7000 	C:\WINDOWS\SYSTEM32\NTASN1.dll
0x000000006fd00000 - 0x000000006fd07000 	C:\Users\aryan\.sbt\1.0\swoval-jni\4023064064847534376-swoval-files0.dll
0x00007ffe6bc30000 - 0x00007ffe6bc47000 	C:\WINDOWS\system32\napinsp.dll
0x00007ffe6bc10000 - 0x00007ffe6bc2b000 	C:\WINDOWS\system32\pnrpnsp.dll
0x00007ffe6bbc0000 - 0x00007ffe6bbd2000 	C:\WINDOWS\System32\winrnr.dll
0x00007ffe6bba0000 - 0x00007ffe6bbb5000 	C:\WINDOWS\system32\wshbth.dll
0x00007ffe6bb80000 - 0x00007ffe6bb9f000 	C:\WINDOWS\system32\nlansp_c.dll
0x00007ffe83910000 - 0x00007ffe8391a000 	C:\Windows\System32\rasadhlp.dll
0x00007ffe839c0000 - 0x00007ffe83a41000 	C:\WINDOWS\System32\fwpuclnt.dll
0x00007ffe902e0000 - 0x00007ffe90501000 	C:\WINDOWS\SYSTEM32\dbghelp.dll

VM Arguments:
jvm_args: -Xmx1536M -Dsbt.supershell=false -Didea.managed=true -Dfile.encoding=UTF-8 -Didea.installation.dir=C:\Users\aryan\AppData\Local\JetBrains\IntelliJ IDEA 2021.2.1 -Dsbt.log.noformat=true 
java_command: C:\Users\aryan\AppData\Roaming\JetBrains\IntelliJIdea2021.2\plugins\Scala\launcher\sbt-launch.jar early(addPluginSbtFile="""C:\Users\aryan\AppData\Local\Temp\idea2771.sbt""") ; set ideaPort in Global := 50147 ; idea-shell
java_class_path (initial): C:\Users\aryan\AppData\Roaming\JetBrains\IntelliJIdea2021.2\plugins\Scala\launcher\sbt-launch.jar
Launcher Type: SUN_STANDARD

Environment Variables:
JAVA_HOME=C:\Java\jdk1.8.0_261
PATH=C:\Program Files (x86)\VMware\VMware Workstation\bin\;C:\Program Files\VanDyke Software\Clients\;C:\Program Files (x86)\Common Files\Oracle\Java\javapath;C:\Windows\system32;C:\Windows;C:\Windows\System32\Wbem;C:\Windows\System32\WindowsPowerShell\v1.0\;C:\Windows\System32\OpenSSH\;C:\Program Files (x86)\NVIDIA Corporation\PhysX\Common;C:\Program Files\NVIDIA Corporation\NVIDIA NvDLISR;C:\WINDOWS\system32;C:\WINDOWS;C:\WINDOWS\System32\Wbem;C:\WINDOWS\System32\WindowsPowerShell\v1.0\;C:\WINDOWS\System32\OpenSSH\;C:\Program Files\Java\jdk1.8.0_261\bin;C:\Program Files\apache-maven\bin;C:\Program Files\Git\cmd;C:\WINDOWS\system32;C:\WINDOWS;C:\WINDOWS\System32\Wbem;C:\WINDOWS\System32\WindowsPowerShell\v1.0\;C:\WINDOWS\System32\OpenSSH\;C:\Program Files\dotnet\;C:\Program Files (x86)\sbt\bin;C:\Program Files\Amazon\AWSSAMCLI\bin\;C:\Program Files\Amazon\AWSCLIV2\;C:\Program Files\Docker\Docker\resources\bin;C:\ProgramData\DockerDesktop\version-bin;C:\Program Files\MySQL\MySQL Shell 8.0\bin\;C:\Users\aryan\AppData\Local\Microsoft\WindowsApps;C:\Users\aryan\AppData\Local\Programs\Microsoft VS Code\bin;C:\Program Files\mingw-w64\x86_64-8.1.0-posix-seh-rt_v6-rev0\mingw64\bin;C:\Users\aryan\.dotnet\tools;C:\Users\aryan\AppData\Local\Programs\MiKTeX\miktex\bin\x64\;C:\Users\aryan\AppData\Local\JetBrains\IntelliJ IDEA 2021.2.1\bin;;C:\Users\aryan\Desktop\Studies\hadoop-3.1.0\hadoop-3.1.0\bin;C:\Users\aryan\Desktop\Studies\CS 441\hadoop-3.1.0\hadoop-3.1.0\sbin;C:\Java\jdk1.8.0_261\bin;
USERNAME=aryan
OS=Windows_NT
PROCESSOR_IDENTIFIER=Intel64 Family 6 Model 158 Stepping 10, GenuineIntel



---------------  S Y S T E M  ---------------

OS: Windows 10.0 , 64 bit Build 22000 (10.0.22000.318)

CPU:total 8 (initial active 8) (4 cores per cpu, 2 threads per core) family 6 model 158 stepping 10, cmov, cx8, fxsr, mmx, sse, sse2, sse3, ssse3, sse4.1, sse4.2, popcnt, avx, avx2, aes, clmul, erms, 3dnowpref, lzcnt, ht, tsc, tscinvbit, bmi1, bmi2, adx

Memory: 4k page, physical 8191732k(359352k free), swap 33357556k(4348k free)

vm_info: Java HotSpot(TM) 64-Bit Server VM (25.261-b12) for windows-amd64 JRE (1.8.0_261-b12), built on Jun 18 2020 06:56:32 by "" with unknown MS VC++:1916

time: Sun Dec  5 06:19:37 2021
timezone: Central Standard Time
elapsed time: 17 seconds (0d 0h 0m 17s)

