19:00:14.167 [run-main-0] INFO  GenerateLogData$ - Log data generator started...
19:00:14.500 [run-main-0] WARN  HelperUtils.Parameters$ - Max count 100 is used to create records instead of timeouts
19:00:14.610 [scala-execution-context-global-181] WARN  HelperUtils.Parameters$ - s%]s,+2k|D}K7b/XCwG&@7HDPR8z
19:00:14.645 [scala-execution-context-global-181] INFO  HelperUtils.Parameters$ - ;kNI&V%v<c#eSDK@lPY(
19:00:14.686 [scala-execution-context-global-181] INFO  HelperUtils.Parameters$ - l9]|92!uHUQ/IVcz~(;.Uz%K*5jTUd08
19:00:14.713 [scala-execution-context-global-181] INFO  HelperUtils.Parameters$ - G3sw7^U<^q^Cl!aMTDbNz<:$;?e<.0JD_'
19:00:14.743 [scala-execution-context-global-181] WARN  HelperUtils.Parameters$ - A><YFqpg+~"E1T
19:00:14.774 [scala-execution-context-global-181] DEBUG HelperUtils.Parameters$ - JrQB;P0"&+6;&Dk-
19:00:14.806 [scala-execution-context-global-181] INFO  HelperUtils.Parameters$ - OsI1`qAeU5H;\+
19:03:21.264 [run-main-0] INFO  GenerateLogData$ - Log data generator started...
19:03:21.460 [run-main-0] WARN  HelperUtils.Parameters$ - Max count 100 is used to create records instead of timeouts
19:03:21.587 [scala-execution-context-global-160] WARN  HelperUtils.Parameters$ - s%]s,+2k|D}K7b/XCwG&@7HDPR8z
19:03:21.609 [scala-execution-context-global-160] INFO  HelperUtils.Parameters$ - ;kNI&V%v<c#eSDK@lPY(
19:03:21.640 [scala-execution-context-global-160] INFO  HelperUtils.Parameters$ - l9]|92!uHUQ/IVcz~(;.Uz%K*5jTUd08
19:03:21.670 [scala-execution-context-global-160] INFO  HelperUtils.Parameters$ - G3sw7^U<^q^Cl!aMTDbNz<:$;?e<.0JD_'
19:03:21.702 [scala-execution-context-global-160] WARN  HelperUtils.Parameters$ - A><YFqpg+~"E1T
19:03:21.731 [scala-execution-context-global-160] DEBUG HelperUtils.Parameters$ - JrQB;P0"&+6;&Dk-
19:03:21.762 [scala-execution-context-global-160] INFO  HelperUtils.Parameters$ - OsI1`qAeU5H;\+
19:03:21.776 [scala-execution-context-global-160] INFO  HelperUtils.Parameters$ - [h!Q9PEY>L(NpKLBO"Gjo:=4kRXQ_tZ!
19:03:21.793 [scala-execution-context-global-160] INFO  HelperUtils.Parameters$ - B?y&C"C5rsb:2037;f&|vM#x?z|Ny|&<44Z8B&rF1#&M
19:03:21.823 [scala-execution-context-global-160] WARN  HelperUtils.Parameters$ - x2oBSI0/\%CdfV2%ChSsnZ7vJo=2qJqZ%."kbc!0ne`y&m
19:03:21.838 [scala-execution-context-global-160] ERROR HelperUtils.Parameters$ - ihu}!A2]*07}|,lc
19:03:21.853 [scala-execution-context-global-160] INFO  HelperUtils.Parameters$ - CC]>~R#,^#0JWyESarZdETDcvk)Yk'I?
19:03:21.870 [scala-execution-context-global-160] WARN  HelperUtils.Parameters$ - Swq;g+6M:?820=Gmd#.p)sFaqoKc^mm](.A8Z-4-].tp|cfR\~rc(m^{
19:03:21.902 [scala-execution-context-global-160] INFO  HelperUtils.Parameters$ - zXK=Fze%-6Iv-^q{zhG|EUzvd);tOj-:
19:03:21.934 [scala-execution-context-global-160] INFO  HelperUtils.Parameters$ - ^<A>61@{3[KEk@M/Xh-q%sco3Dkwq~
19:03:21.961 [scala-execution-context-global-160] WARN  HelperUtils.Parameters$ - Bv^B8Re'$VG)[P".g*?f<G\l5n.18B|i<E&rgPQZ;wBeA{4O/fy+Pp
19:03:21.976 [scala-execution-context-global-160] WARN  HelperUtils.Parameters$ - k1H+R#/%d0>Q>N:6\enT]U
19:03:21.992 [scala-execution-context-global-160] INFO  HelperUtils.Parameters$ - 8G;,3m_T`G#H]&Yh:Ei1%fp''5`af3cg1C8lag0K6jD7oN7lcg0bf0be1K5wbe0J6kcf1A9i%<Bqz8fMm#{JWqMdoc_2N/|wf8]
19:03:22.008 [scala-execution-context-global-160] DEBUG HelperUtils.Parameters$ - g^xCxZpyxWD46o^-F7fcg3O5vA5gag3Y5qcf1bf0T6q%!E9x-U@ST^4*)X}
19:03:22.040 [scala-execution-context-global-160] WARN  HelperUtils.Parameters$ - fTs>V({s8tNbU'Fp/~
19:03:22.055 [scala-execution-context-global-160] INFO  HelperUtils.Parameters$ - SL!7<@@r-<>iS2#Ks%Ww=}Ljk=&}{f|xe+So!?Opoxv"&?WYIt;.N*MC
19:03:22.072 [scala-execution-context-global-160] DEBUG HelperUtils.Parameters$ - [M_P'#!8^2-/[:v<_tZZ2LEz-qcrUeJTu.`j+poLIm/D
19:03:22.087 [scala-execution-context-global-160] INFO  HelperUtils.Parameters$ - vU&oo$"m/vT3$(*A8{<&dp^LGeC7oZ9sbg1ce2be15#}5n|u{4%{kA2E4=Oe}&X]j[`
19:03:22.119 [scala-execution-context-global-160] INFO  HelperUtils.Parameters$ - :4Q#-,27wS,8~L+9vvh2V%J:bn_8zX`JkRL,eGkux|N8kHmG
19:03:22.149 [scala-execution-context-global-160] INFO  HelperUtils.Parameters$ - I.(QqkUNt"[K2L$HyiX4roc4{3e/#'m}Gi(t_I$0;"fTPyu+<GXn{j
19:03:22.165 [scala-execution-context-global-160] INFO  HelperUtils.Parameters$ - ;]y-]|HZ1HH\a\h6ce3cg0G9wC8kag1V9gae0C8;f@Fy'z$ro@E.X
19:03:22.198 [scala-execution-context-global-160] WARN  HelperUtils.Parameters$ - 1W{L2=t@#<S9M6_;@J0}UIb_Mk%0r(KS8QZLat;1hI{ZMXqWBI42X'
19:03:22.228 [scala-execution-context-global-160] INFO  HelperUtils.Parameters$ - f/gJ3qlSbO[C~DGo&j03vF@8Vy}_M+(mC$k=c$
19:03:22.244 [scala-execution-context-global-160] INFO  HelperUtils.Parameters$ - aKv\IFX:pdC=LLQ?YB|z
19:03:22.276 [scala-execution-context-global-160] WARN  HelperUtils.Parameters$ - ?}rHW0c1bYiwVN[GdWOuk[wezW2R%ehGTf_2m4&8hA3:lWt7jN8y
19:03:22.323 [scala-execution-context-global-160] ERROR HelperUtils.Parameters$ - ?zM$UQOa(*ajHBXe.6bg1Y7wag1bg3cg1lf_.%YeXL5Pomv_|E,
19:03:22.338 [scala-execution-context-global-160] WARN  HelperUtils.Parameters$ - AD|N[)ltIkxG3,
19:03:22.371 [scala-execution-context-global-160] WARN  HelperUtils.Parameters$ - ht[8A)K|t%[Egh0J[m4C\jxTSv!B#GU=yfX/
19:03:22.416 [scala-execution-context-global-160] INFO  HelperUtils.Parameters$ - MvQ#625-vBb*t"$Sya@]"Z]"m/As
19:03:22.453 [scala-execution-context-global-160] INFO  HelperUtils.Parameters$ - q3\l0KK~LM1INp'r
19:03:22.475 [scala-execution-context-global-160] INFO  HelperUtils.Parameters$ - 0Mk8@V1-R`x1h>
19:03:22.490 [scala-execution-context-global-160] WARN  HelperUtils.Parameters$ - te2"/XH0AO<MBR"X@B{LeaB,"ts%OKk/
19:03:22.508 [scala-execution-context-global-160] WARN  HelperUtils.Parameters$ - I!KV0CZn}m}a^kTpG+rj0YBqNb~S!\lCq&=9-g(psIgdN,ULSW{R?tKu
19:03:22.537 [scala-execution-context-global-160] DEBUG HelperUtils.Parameters$ - _tyG#DM<cVvM*d8T-8vU;Hv&k+_>CdZTJB3H9G.G
19:03:22.570 [scala-execution-context-global-160] INFO  HelperUtils.Parameters$ - LA#`(no,*gKL'L
19:03:22.602 [scala-execution-context-global-160] WARN  HelperUtils.Parameters$ - @%d+tBRR].x:*xV9+v..uax>
19:03:22.632 [scala-execution-context-global-160] INFO  HelperUtils.Parameters$ - ^Qixlz1c.b<=2^vvxR/}>~nkikyz\GDZg&Dlv(:mlE
19:03:22.660 [scala-execution-context-global-160] INFO  HelperUtils.Parameters$ - F)+N4s;N!wX,nzcYarUOi,C;6[DoQQs4FB$lE6Zuq`
19:03:22.676 [scala-execution-context-global-160] INFO  HelperUtils.Parameters$ - ?wN?z2@EXlB!!_*PVeXhy,}e6NWxAH$s)\FA2j&-c.T}sFvuV'sC
19:03:22.707 [scala-execution-context-global-160] DEBUG HelperUtils.Parameters$ - 's0oJs?\AN)nk*I~p}j"bt
19:03:22.722 [scala-execution-context-global-160] WARN  HelperUtils.Parameters$ - M6.zsoh]<s.qv:su=O^'V8qZ6wag1C9wN7mcf3M6t4=+:lh?*QA]G8,b4_X)A
19:03:22.742 [scala-execution-context-global-160] INFO  HelperUtils.Parameters$ - WJ;23^Ei?ip%Q_eIK*nedj
19:03:22.770 [scala-execution-context-global-160] INFO  HelperUtils.Parameters$ - jEqNur*8f5s$>_
19:03:22.801 [scala-execution-context-global-160] INFO  HelperUtils.Parameters$ - l}U$u:BCsB0k
19:03:22.819 [scala-execution-context-global-160] INFO  HelperUtils.Parameters$ - gBXo63x,%rsp/,@BJUe1:SR(|]V:P}>3p]+Vs+
19:03:22.846 [scala-execution-context-global-160] INFO  HelperUtils.Parameters$ - AT#lz2>^/w2;Y98E!LbJX;s`-w?K,#&y6>nOSpgaJB?ef`&8
19:03:22.877 [scala-execution-context-global-160] INFO  HelperUtils.Parameters$ - 0%*wBQ6bsdV<DY+4VfP03jV;a.Rci).O1BYGCI5E
19:03:22.893 [scala-execution-context-global-160] INFO  HelperUtils.Parameters$ - W9"1Hfd&<<rt|z#CQumG[$WgmDow}PVKdun7RKWs|qjZF0
19:03:22.927 [scala-execution-context-global-160] INFO  HelperUtils.Parameters$ - tc~)tKy~J["@K7jxqpEV~AO#8VJv;af3K6lJ6gcg1E7kkEW"M]_=^h;{THQ3GxTq5B$YWs~'+
19:03:22.956 [scala-execution-context-global-160] WARN  HelperUtils.Parameters$ - EZA.|i"`.h$"Tyja+ONnuuNFN;J#~UCiy{[0
19:03:22.971 [scala-execution-context-global-160] WARN  HelperUtils.Parameters$ - HE)a-)Z&e_b.5(F'UC
19:03:23.002 [scala-execution-context-global-160] INFO  HelperUtils.Parameters$ - rVx/tl6*Ej-**ul'RC7CI)sp?{],VhxN
19:03:23.033 [scala-execution-context-global-160] INFO  HelperUtils.Parameters$ - ;F\b@;C]G7nag0S6sK8gae1KUE|M]r/
19:03:23.050 [scala-execution-context-global-160] WARN  HelperUtils.Parameters$ - ]aSPt7%"%JC)e3w.\)YwJz,E!BT>dQLy=u
19:03:23.080 [scala-execution-context-global-160] WARN  HelperUtils.Parameters$ - $TwD'Ci4U~y._U`sIMuLqn"cbB9yaYDv.r
19:03:23.095 [scala-execution-context-global-160] INFO  HelperUtils.Parameters$ - 3AHjL"ILW$Cp.8{)vJpSYT5Swf1iW8
19:03:23.113 [scala-execution-context-global-160] INFO  HelperUtils.Parameters$ - W8/a8!2_6]LhTP_sf$%fI]<S5\jkG>x$;'vr/*u>?;TyLEBMSi
19:03:23.143 [scala-execution-context-global-160] INFO  HelperUtils.Parameters$ - 1&%zRPriA\)uu'6!Q3Lpsd^,2N-ou]F}iO;b3wevR,;.{hL]7Mgz
19:03:23.174 [scala-execution-context-global-160] DEBUG HelperUtils.Parameters$ - C:]h"F6IeL\p7dPSt6vBj]i}}4_6K,8;Tw8G
19:03:23.190 [scala-execution-context-global-160] INFO  HelperUtils.Parameters$ - mX@{!6rl\U'{+$j]~W%mA,pm?P^<oF)W^Hr"z=lP<6KZ0W[m69RODkJ]
19:03:23.223 [scala-execution-context-global-160] INFO  HelperUtils.Parameters$ - .z^fp%NsoUM]+dv,lom^9YUn1j$FlC}'oJ'<
19:03:23.239 [scala-execution-context-global-160] INFO  HelperUtils.Parameters$ - *XOQPH%)^bnG([DuV3M*Xx1ho[ya
19:03:23.255 [scala-execution-context-global-160] INFO  HelperUtils.Parameters$ - YG-Y<fIiPkfx6Iwrk~CXD;;a|yAV_|V%_BD:,Ac_ZbAwj:x&a8a-=^pk
19:03:23.286 [scala-execution-context-global-160] INFO  HelperUtils.Parameters$ - ;A2+3"}+gi\g?jy>["I,@$dK<<KmS<
19:03:23.314 [scala-execution-context-global-160] INFO  HelperUtils.Parameters$ - F2ETp5byI|N&U6?>:dn8Hl`NfcnHifx{<U$t&X.:T5Vx@Kai3nyuZ2i[>;
19:03:23.331 [scala-execution-context-global-160] WARN  HelperUtils.Parameters$ - z>Vxp$}@:>%aK8@p0*_(W(DK,`wM*[0B]}DXT|tx}sQ[Kz
19:03:23.362 [scala-execution-context-global-160] INFO  HelperUtils.Parameters$ - )-mKFfZ48+EF@t1|#I\4ZwbAV5OXs>j"Y[D0qvQ7UFmd(7r_4P$:^U4d3]
19:03:23.392 [scala-execution-context-global-160] WARN  HelperUtils.Parameters$ - ,vII2krxA66PS|4>iK7?poF3ucGG27dEQ`Ah(.
19:03:23.408 [scala-execution-context-global-160] INFO  HelperUtils.Parameters$ - }{Av[o!5cQC9\sY=HnAR%\A|
19:03:23.440 [scala-execution-context-global-160] INFO  HelperUtils.Parameters$ - _E:b3pBsHsn}_xr(C>!pxMR4
19:03:23.469 [scala-execution-context-global-160] INFO  HelperUtils.Parameters$ - M*o)&72\*y!yPfo8zKq1.a
19:03:23.484 [scala-execution-context-global-160] INFO  HelperUtils.Parameters$ - Na9!^EWTjQvUMIqr[^
19:03:23.516 [scala-execution-context-global-160] WARN  HelperUtils.Parameters$ - w%P+)%>i@#2veWUN\gaB[=W&1O;Qm`EyCk?H:V
19:03:23.545 [scala-execution-context-global-160] INFO  HelperUtils.Parameters$ - <f:WCd[eQaz2_uIrM)S?[Ziy:sy-d]U_oq{x>5,Hg]7lkW
19:03:23.562 [scala-execution-context-global-160] INFO  HelperUtils.Parameters$ - jyb9P*BGOzh8inWgeZw)Fgd#@TRe1,+"?Hj4#.VM|/.}y8[]W.Uf!"
19:03:23.593 [scala-execution-context-global-160] INFO  HelperUtils.Parameters$ - 1v?cHcvp*/fjBNfJEm"'r^&mxBs<}*};,!L5Xb:g16&;'7au
19:03:23.624 [scala-execution-context-global-160] INFO  HelperUtils.Parameters$ - }u#[rPccR8]M"|;e#G;"xj
19:03:23.640 [scala-execution-context-global-160] WARN  HelperUtils.Parameters$ - ?65>^;]'|5=n`7~1gbqaZ@U+spDi7~z:},p&oH
19:03:23.671 [scala-execution-context-global-160] INFO  HelperUtils.Parameters$ - "]@Z:xQ<5(9I$l
19:03:23.702 [scala-execution-context-global-160] WARN  HelperUtils.Parameters$ - m1C:-N<#"CrbViqa|h~6@Qc>[W$c=dRNCv?UTL
19:03:23.718 [scala-execution-context-global-160] WARN  HelperUtils.Parameters$ - aWvj2<DY[Xsu54n?(d*M[_:'A+$4^n@+cA(QEf0Bx,:V
19:03:23.750 [scala-execution-context-global-160] INFO  HelperUtils.Parameters$ - l7bm6=ewUVh)Q\X#8Pk'Ox({!]>#QAP6G+\!
19:03:23.782 [scala-execution-context-global-160] INFO  HelperUtils.Parameters$ - K,KYor/#GR7-RD_cnPR"ES{&v1|Q?MImY0_}u[Xe"N.0Ll\3F{bZ
19:03:23.798 [scala-execution-context-global-160] INFO  HelperUtils.Parameters$ - ^PC.d<]s/8%jxax&KUYNJs94uO~=012)
19:03:23.828 [scala-execution-context-global-160] INFO  HelperUtils.Parameters$ - p)ZtBm@nYT_W-m3i.6H6sT-htt9Y:v/4tl=>&w
19:03:23.860 [scala-execution-context-global-160] INFO  HelperUtils.Parameters$ - )g#W:S5^4BXM^fn'$UqU_+K;N92Kt,3n}_NA8/3kO4=u(60K;a792q
19:03:23.877 [scala-execution-context-global-160] INFO  HelperUtils.Parameters$ - h/FEJQfnIj3#]czU|/`^$Cxx?C
19:03:23.908 [scala-execution-context-global-160] INFO  HelperUtils.Parameters$ - ;v8B].,?Rq-D3l-AsWcuFwa#@^x|bQmYKxc[DsW]
19:03:23.938 [scala-execution-context-global-160] INFO  HelperUtils.Parameters$ - '%&/;4s{!lwmb;U`$|P)64@yJKxNKi}jH47j(q
19:03:23.967 [scala-execution-context-global-160] WARN  HelperUtils.Parameters$ - Th8#&_/;PyW<]'HLu?Cwf>J+O6}BtveS1-IU(|"UG0%DN<h'y-AJ
19:03:23.983 [scala-execution-context-global-160] WARN  HelperUtils.Parameters$ - E~e/dIe>DFZRNN$F,g7THh4N2$lpk%Bu
19:03:23.999 [scala-execution-context-global-160] INFO  HelperUtils.Parameters$ - QC$6dKJ\B@J.tP^eo%[n
19:03:24.029 [scala-execution-context-global-160] INFO  HelperUtils.Parameters$ - /qkQchz-w66Uq,JO|qWa
19:03:24.060 [scala-execution-context-global-160] DEBUG HelperUtils.Parameters$ - w<$K$e'8eA%|
19:03:24.076 [scala-execution-context-global-160] INFO  HelperUtils.Parameters$ - v_Epksb9<+?a(3,;aO\WR$M}D!]r=tlUM7VvxQAX
19:03:24.086 [run-main-0] INFO  GenerateLogData$ - Log data generation has completed after generating 100 records.
